GAS LISTING /tmp/ccSYSog3.s 			page 1


   1              		.file	"scheduler.cpp"
   2              		.option pic
   3              		.option norelax
   4              		.text
   5              	.Ltext0:
   6              		.align	2
   8              	_Z41__static_initialization_and_destruction_0ii:
   9              	.LFB20:
  10              		.file 1 "src/scheduler.cpp"
   1:src/scheduler.cpp **** //
   2:src/scheduler.cpp **** // Created by marko on 20.4.22..
   3:src/scheduler.cpp **** //
   4:src/scheduler.cpp **** 
   5:src/scheduler.cpp **** #include "../h/scheduler.hpp"
   6:src/scheduler.cpp **** 
   7:src/scheduler.cpp **** List<TCB> Scheduler::readyThreadQueue;
   8:src/scheduler.cpp **** 
   9:src/scheduler.cpp **** TCB *Scheduler::get()
  10:src/scheduler.cpp **** {
  11:src/scheduler.cpp ****     return readyThreadQueue.removeFirst();
  12:src/scheduler.cpp **** }
  13:src/scheduler.cpp **** 
  14:src/scheduler.cpp **** void Scheduler::put(TCB *ccb)
  15:src/scheduler.cpp **** {
  16:src/scheduler.cpp ****     readyThreadQueue.addLast(ccb);
  17:src/scheduler.cpp **** }...
  11              		.loc 1 17 1
  12              		.cfi_startproc
  13              	.LVL0:
  14 0000 130101FF 		addi	sp,sp,-16
  15              		.cfi_def_cfa_offset 16
  16 0004 23348100 		sd	s0,8(sp)
  17              		.cfi_offset 8, -8
  18 0008 13040101 		addi	s0,sp,16
  19              		.cfi_def_cfa 8, 0
  20              		.loc 1 17 1 is_stmt 0
  21 000c 93071000 		li	a5,1
  22 0010 6308F500 		beq	a0,a5,.L4
  23              	.L1:
  24 0014 03348100 		ld	s0,8(sp)
  25              		.cfi_remember_state
  26              		.cfi_restore 8
  27              		.cfi_def_cfa 2, 16
  28 0018 13010101 		addi	sp,sp,16
  29              		.cfi_def_cfa_offset 0
  30 001c 67800000 		jr	ra
  31              	.L4:
  32              		.cfi_restore_state
  33              		.loc 1 17 1 discriminator 1
  34 0020 B7070100 		li	a5,65536
  35 0024 9387F7FF 		addi	a5,a5,-1
  36 0028 E396F5FE 		bne	a1,a5,.L1
  37              	.LVL1:
  38              	.LBB15:
  39              	.LBB16:
  40              	.LBB17:
  41              		.file 2 "src/../h/list.hpp"
GAS LISTING /tmp/ccSYSog3.s 			page 2


   1:src/../h/list.hpp **** #ifndef LIST_HPP
   2:src/../h/list.hpp **** #define LIST_HPP
   3:src/../h/list.hpp **** 
   4:src/../h/list.hpp **** #include "../lib/mem.h"
   5:src/../h/list.hpp **** 
   6:src/../h/list.hpp **** template<typename T>
   7:src/../h/list.hpp **** class List
   8:src/../h/list.hpp **** {
   9:src/../h/list.hpp **** private:
  10:src/../h/list.hpp ****     struct Elem
  11:src/../h/list.hpp ****     {
  12:src/../h/list.hpp ****         T *data;
  13:src/../h/list.hpp ****         Elem *next;
  14:src/../h/list.hpp **** 
  15:src/../h/list.hpp ****         Elem(T *data, Elem *next) : data(data), next(next) {}
  16:src/../h/list.hpp ****     };
  17:src/../h/list.hpp **** 
  18:src/../h/list.hpp ****     Elem *head, *tail;
  19:src/../h/list.hpp **** 
  20:src/../h/list.hpp ****     void *operator new(size_t size) { return __mem_alloc(size); }
  21:src/../h/list.hpp ****     void operator delete(void *ptr) { __mem_free(ptr); }
  22:src/../h/list.hpp **** 
  23:src/../h/list.hpp **** public:
  24:src/../h/list.hpp ****     List() : head(0), tail(0) {}
  42              		.loc 2 24 29
  43 002c 97070000 		lla	a5,.LANCHOR0
  43      93870700 
  44 0034 23B00700 		sd	zero,0(a5)
  45 0038 23B40700 		sd	zero,8(a5)
  46              	.LVL2:
  47              	.LBE17:
  48              	.LBE16:
  49              	.LBE15:
  50              		.loc 1 17 1
  51 003c 6FF09FFD 		j	.L1
  52              		.cfi_endproc
  53              	.LFE20:
  55              		.align	2
  56              		.globl	_ZN9Scheduler3getEv
  58              	_ZN9Scheduler3getEv:
  59              	.LFB10:
  10:src/scheduler.cpp **** {
  60              		.loc 1 10 1 is_stmt 1
  61              		.cfi_startproc
  62 0040 130101FE 		addi	sp,sp,-32
  63              		.cfi_def_cfa_offset 32
  64 0044 233C1100 		sd	ra,24(sp)
  65 0048 23388100 		sd	s0,16(sp)
  66 004c 23349100 		sd	s1,8(sp)
  67              		.cfi_offset 1, -8
  68              		.cfi_offset 8, -16
  69              		.cfi_offset 9, -24
  70 0050 13040102 		addi	s0,sp,32
  71              		.cfi_def_cfa 8, 0
  11:src/scheduler.cpp ****     return readyThreadQueue.removeFirst();
  72              		.loc 1 11 5
  73              	.LVL3:
GAS LISTING /tmp/ccSYSog3.s 			page 3


  74              	.LBB18:
  75              	.LBB19:
  25:src/../h/list.hpp **** 
  26:src/../h/list.hpp ****     List(const List<T> &) = delete;
  27:src/../h/list.hpp **** 
  28:src/../h/list.hpp ****     List<T> &operator=(const List<T> &) = delete;
  29:src/../h/list.hpp **** 
  30:src/../h/list.hpp ****     void addFirst(T *data)
  31:src/../h/list.hpp ****     {
  32:src/../h/list.hpp ****         Elem *elem = new Elem(data, head);
  33:src/../h/list.hpp ****         head = elem;
  34:src/../h/list.hpp ****         if (!tail) { tail = head; }
  35:src/../h/list.hpp ****     }
  36:src/../h/list.hpp **** 
  37:src/../h/list.hpp ****     void addLast(T *data)
  38:src/../h/list.hpp ****     {
  39:src/../h/list.hpp ****         Elem *elem = new Elem(data, 0);
  40:src/../h/list.hpp **** 
  41:src/../h/list.hpp ****         if (tail)
  42:src/../h/list.hpp ****         {
  43:src/../h/list.hpp ****             tail->next = elem;
  44:src/../h/list.hpp ****             tail = elem;
  45:src/../h/list.hpp ****         } else
  46:src/../h/list.hpp ****         {
  47:src/../h/list.hpp ****             head = tail = elem;
  48:src/../h/list.hpp ****         }
  49:src/../h/list.hpp ****     }
  50:src/../h/list.hpp **** 
  51:src/../h/list.hpp ****     T *removeFirst()
  52:src/../h/list.hpp ****     {
  53:src/../h/list.hpp ****         if (!head) { return 0; }
  76              		.loc 2 53 14 is_stmt 0
  77 0054 17050000 		ld	a0,.LANCHOR0
  77      03350500 
  78              		.loc 2 53 9
  79 005c 63020504 		beqz	a0,.L8
  80              	.LVL4:
  54:src/../h/list.hpp **** 
  55:src/../h/list.hpp ****         Elem *elem = head;
  56:src/../h/list.hpp ****         head = head->next;
  81              		.loc 2 56 22
  82 0060 83378500 		ld	a5,8(a0)
  83              		.loc 2 56 9
  84 0064 17070000 		sd	a5,.LANCHOR0,a4
  84      2330F700 
  57:src/../h/list.hpp ****         if (!head) { tail = 0; }
  85              		.loc 2 57 9
  86 006c 63840702 		beqz	a5,.L10
  87              	.L7:
  58:src/../h/list.hpp **** 
  59:src/../h/list.hpp ****         T *ret = elem->data;
  88              		.loc 2 59 12
  89 0070 83340500 		ld	s1,0(a0)
  90              	.LVL5:
  60:src/../h/list.hpp ****         delete elem;
  91              		.loc 2 60 9
  92 0074 97000000 		call	_ZdlPv@plt
GAS LISTING /tmp/ccSYSog3.s 			page 4


  92      E7800000 
  93              	.LVL6:
  94              	.L5:
  95              	.LBE19:
  96              	.LBE18:
  12:src/scheduler.cpp **** }
  97              		.loc 1 12 1
  98 007c 13850400 		mv	a0,s1
  99 0080 83308101 		ld	ra,24(sp)
 100              		.cfi_remember_state
 101              		.cfi_restore 1
 102 0084 03340101 		ld	s0,16(sp)
 103              		.cfi_restore 8
 104              		.cfi_def_cfa 2, 32
 105 0088 83348100 		ld	s1,8(sp)
 106              		.cfi_restore 9
 107 008c 13010102 		addi	sp,sp,32
 108              		.cfi_def_cfa_offset 0
 109 0090 67800000 		jr	ra
 110              	.LVL7:
 111              	.L10:
 112              		.cfi_restore_state
 113              	.LBB21:
 114              	.LBB20:
  57:src/../h/list.hpp **** 
 115              		.loc 2 57 22
 116 0094 97070000 		sd	zero,.LANCHOR0+8,a5
 116      23B00700 
 117 009c 6FF05FFD 		j	.L7
 118              	.LVL8:
 119              	.L8:
  53:src/../h/list.hpp **** 
 120              		.loc 2 53 29
 121 00a0 93040500 		mv	s1,a0
 122              	.LVL9:
 123              	.LBE20:
 124              	.LBE21:
  11:src/scheduler.cpp ****     return readyThreadQueue.removeFirst();
 125              		.loc 1 11 41
 126 00a4 6FF09FFD 		j	.L5
 127              		.cfi_endproc
 128              	.LFE10:
 130              		.align	2
 131              		.globl	_ZN9Scheduler3putEP3TCB
 133              	_ZN9Scheduler3putEP3TCB:
 134              	.LFB11:
  15:src/scheduler.cpp **** {
 135              		.loc 1 15 1 is_stmt 1
 136              		.cfi_startproc
 137              	.LVL10:
 138 00a8 130101FE 		addi	sp,sp,-32
 139              		.cfi_def_cfa_offset 32
 140 00ac 233C1100 		sd	ra,24(sp)
 141 00b0 23388100 		sd	s0,16(sp)
 142 00b4 23349100 		sd	s1,8(sp)
 143              		.cfi_offset 1, -8
 144              		.cfi_offset 8, -16
GAS LISTING /tmp/ccSYSog3.s 			page 5


 145              		.cfi_offset 9, -24
 146 00b8 13040102 		addi	s0,sp,32
 147              		.cfi_def_cfa 8, 0
 148 00bc 93040500 		mv	s1,a0
  16:src/scheduler.cpp ****     readyThreadQueue.addLast(ccb);
 149              		.loc 1 16 5
 150              	.LVL11:
 151              	.LBB22:
 152              	.LBB23:
  39:src/../h/list.hpp **** 
 153              		.loc 2 39 22 is_stmt 0
 154 00c0 13050001 		li	a0,16
 155              	.LVL12:
 156 00c4 97000000 		call	_Znwm@plt
 156      E7800000 
 157              	.LVL13:
 158              	.LBB24:
 159              	.LBB25:
  15:src/../h/list.hpp ****     };
 160              		.loc 2 15 58
 161 00cc 23309500 		sd	s1,0(a0)
 162 00d0 23340500 		sd	zero,8(a0)
 163              	.LVL14:
 164              	.LBE25:
 165              	.LBE24:
  41:src/../h/list.hpp ****         {
 166              		.loc 2 41 13
 167 00d4 97070000 		ld	a5,.LANCHOR0+8
 167      83B70700 
  41:src/../h/list.hpp ****         {
 168              		.loc 2 41 9
 169 00dc 63820702 		beqz	a5,.L12
  43:src/../h/list.hpp ****             tail = elem;
 170              		.loc 2 43 13
 171 00e0 23B4A700 		sd	a0,8(a5)
  44:src/../h/list.hpp ****         } else
 172              		.loc 2 44 13
 173 00e4 97070000 		sd	a0,.LANCHOR0+8,a5
 173      23B0A700 
 174              	.LVL15:
 175              	.L11:
 176              	.LBE23:
 177              	.LBE22:
 178              		.loc 1 17 1
 179 00ec 83308101 		ld	ra,24(sp)
 180              		.cfi_remember_state
 181              		.cfi_restore 1
 182 00f0 03340101 		ld	s0,16(sp)
 183              		.cfi_restore 8
 184              		.cfi_def_cfa 2, 32
 185 00f4 83348100 		ld	s1,8(sp)
 186              		.cfi_restore 9
 187              	.LVL16:
 188 00f8 13010102 		addi	sp,sp,32
 189              		.cfi_def_cfa_offset 0
 190 00fc 67800000 		jr	ra
 191              	.LVL17:
GAS LISTING /tmp/ccSYSog3.s 			page 6


 192              	.L12:
 193              		.cfi_restore_state
 194              	.LBB27:
 195              	.LBB26:
  47:src/../h/list.hpp ****         }
 196              		.loc 2 47 13
 197 0100 97070000 		lla	a5,.LANCHOR0
 197      93870700 
 198 0108 23B4A700 		sd	a0,8(a5)
 199 010c 23B0A700 		sd	a0,0(a5)
 200              	.LVL18:
 201              	.LBE26:
 202              	.LBE27:
 203              		.loc 1 17 1
 204 0110 6FF0DFFD 		j	.L11
 205              		.cfi_endproc
 206              	.LFE11:
 208              		.align	2
 210              	_GLOBAL__sub_I__ZN9Scheduler16readyThreadQueueE:
 211              	.LFB21:
 212              		.loc 1 17 1 is_stmt 1
 213              		.cfi_startproc
 214 0114 130101FF 		addi	sp,sp,-16
 215              		.cfi_def_cfa_offset 16
 216 0118 23341100 		sd	ra,8(sp)
 217 011c 23308100 		sd	s0,0(sp)
 218              		.cfi_offset 1, -8
 219              		.cfi_offset 8, -16
 220 0120 13040101 		addi	s0,sp,16
 221              		.cfi_def_cfa 8, 0
 222              		.loc 1 17 1 is_stmt 0
 223 0124 B7050100 		li	a1,65536
 224 0128 9385F5FF 		addi	a1,a1,-1
 225 012c 13051000 		li	a0,1
 226 0130 97000000 		call	_Z41__static_initialization_and_destruction_0ii
 226      E7800000 
 227              	.LVL19:
 228 0138 83308100 		ld	ra,8(sp)
 229              		.cfi_restore 1
 230 013c 03340100 		ld	s0,0(sp)
 231              		.cfi_restore 8
 232              		.cfi_def_cfa 2, 16
 233 0140 13010101 		addi	sp,sp,16
 234              		.cfi_def_cfa_offset 0
 235 0144 67800000 		jr	ra
 236              		.cfi_endproc
 237              	.LFE21:
 239              		.section	.init_array,"aw"
 240              		.align	3
 241 0000 00000000 		.dword	_GLOBAL__sub_I__ZN9Scheduler16readyThreadQueueE
 241      00000000 
 242              		.globl	_ZN9Scheduler16readyThreadQueueE
 243              		.bss
 244              		.align	3
 245              		.set	.LANCHOR0,. + 0
 248              	_ZN9Scheduler16readyThreadQueueE:
 249 0000 00000000 		.zero	16
GAS LISTING /tmp/ccSYSog3.s 			page 7


 249      00000000 
 249      00000000 
 249      00000000 
 250              		.text
 251              	.Letext0:
 252              		.file 3 "src/../h/../lib/hw.h"
 253              		.file 4 "src/../h/scheduler.hpp"
GAS LISTING /tmp/ccSYSog3.s 			page 8


DEFINED SYMBOLS
                            *ABS*:0000000000000000 scheduler.cpp
     /tmp/ccSYSog3.s:8      .text:0000000000000000 _Z41__static_initialization_and_destruction_0ii
     /tmp/ccSYSog3.s:12     .text:0000000000000000 .L0 
     /tmp/ccSYSog3.s:14     .text:0000000000000000 .L0 
     /tmp/ccSYSog3.s:15     .text:0000000000000004 .L0 
     /tmp/ccSYSog3.s:17     .text:0000000000000008 .L0 
     /tmp/ccSYSog3.s:19     .text:000000000000000c .L0 
     /tmp/ccSYSog3.s:21     .text:000000000000000c .L0 
     /tmp/ccSYSog3.s:25     .text:0000000000000018 .L0 
     /tmp/ccSYSog3.s:26     .text:0000000000000018 .L0 
     /tmp/ccSYSog3.s:27     .text:0000000000000018 .L0 
     /tmp/ccSYSog3.s:29     .text:000000000000001c .L0 
     /tmp/ccSYSog3.s:32     .text:0000000000000020 .L0 
     /tmp/ccSYSog3.s:34     .text:0000000000000020 .L0 
     /tmp/ccSYSog3.s:43     .text:000000000000002c .L0 
     /tmp/ccSYSog3.s:51     .text:000000000000003c .L0 
     /tmp/ccSYSog3.s:52     .text:0000000000000040 .L0 
     /tmp/ccSYSog3.s:58     .text:0000000000000040 _ZN9Scheduler3getEv
     /tmp/ccSYSog3.s:61     .text:0000000000000040 .L0 
     /tmp/ccSYSog3.s:62     .text:0000000000000040 .L0 
     /tmp/ccSYSog3.s:63     .text:0000000000000044 .L0 
     /tmp/ccSYSog3.s:67     .text:0000000000000050 .L0 
     /tmp/ccSYSog3.s:68     .text:0000000000000050 .L0 
     /tmp/ccSYSog3.s:69     .text:0000000000000050 .L0 
     /tmp/ccSYSog3.s:71     .text:0000000000000054 .L0 
     /tmp/ccSYSog3.s:76     .text:0000000000000054 .L0 
     /tmp/ccSYSog3.s:77     .text:0000000000000054 .L0 
     /tmp/ccSYSog3.s:79     .text:000000000000005c .L0 
     /tmp/ccSYSog3.s:82     .text:0000000000000060 .L0 
     /tmp/ccSYSog3.s:84     .text:0000000000000064 .L0 
     /tmp/ccSYSog3.s:86     .text:000000000000006c .L0 
     /tmp/ccSYSog3.s:89     .text:0000000000000070 .L0 
     /tmp/ccSYSog3.s:92     .text:0000000000000074 .L0 
     /tmp/ccSYSog3.s:98     .text:000000000000007c .L0 
     /tmp/ccSYSog3.s:100    .text:0000000000000084 .L0 
     /tmp/ccSYSog3.s:101    .text:0000000000000084 .L0 
     /tmp/ccSYSog3.s:103    .text:0000000000000088 .L0 
     /tmp/ccSYSog3.s:104    .text:0000000000000088 .L0 
     /tmp/ccSYSog3.s:106    .text:000000000000008c .L0 
     /tmp/ccSYSog3.s:108    .text:0000000000000090 .L0 
     /tmp/ccSYSog3.s:112    .text:0000000000000094 .L0 
     /tmp/ccSYSog3.s:116    .text:0000000000000094 .L0 
     /tmp/ccSYSog3.s:121    .text:00000000000000a0 .L0 
     /tmp/ccSYSog3.s:126    .text:00000000000000a4 .L0 
     /tmp/ccSYSog3.s:127    .text:00000000000000a8 .L0 
     /tmp/ccSYSog3.s:133    .text:00000000000000a8 _ZN9Scheduler3putEP3TCB
     /tmp/ccSYSog3.s:136    .text:00000000000000a8 .L0 
     /tmp/ccSYSog3.s:138    .text:00000000000000a8 .L0 
     /tmp/ccSYSog3.s:139    .text:00000000000000ac .L0 
     /tmp/ccSYSog3.s:143    .text:00000000000000b8 .L0 
     /tmp/ccSYSog3.s:144    .text:00000000000000b8 .L0 
     /tmp/ccSYSog3.s:145    .text:00000000000000b8 .L0 
     /tmp/ccSYSog3.s:147    .text:00000000000000bc .L0 
     /tmp/ccSYSog3.s:153    .text:00000000000000c0 .L0 
     /tmp/ccSYSog3.s:154    .text:00000000000000c0 .L0 
     /tmp/ccSYSog3.s:161    .text:00000000000000cc .L0 
GAS LISTING /tmp/ccSYSog3.s 			page 9


     /tmp/ccSYSog3.s:167    .text:00000000000000d4 .L0 
     /tmp/ccSYSog3.s:169    .text:00000000000000dc .L0 
     /tmp/ccSYSog3.s:171    .text:00000000000000e0 .L0 
     /tmp/ccSYSog3.s:173    .text:00000000000000e4 .L0 
     /tmp/ccSYSog3.s:179    .text:00000000000000ec .L0 
     /tmp/ccSYSog3.s:180    .text:00000000000000f0 .L0 
     /tmp/ccSYSog3.s:181    .text:00000000000000f0 .L0 
     /tmp/ccSYSog3.s:183    .text:00000000000000f4 .L0 
     /tmp/ccSYSog3.s:184    .text:00000000000000f4 .L0 
     /tmp/ccSYSog3.s:186    .text:00000000000000f8 .L0 
     /tmp/ccSYSog3.s:189    .text:00000000000000fc .L0 
     /tmp/ccSYSog3.s:193    .text:0000000000000100 .L0 
     /tmp/ccSYSog3.s:197    .text:0000000000000100 .L0 
     /tmp/ccSYSog3.s:204    .text:0000000000000110 .L0 
     /tmp/ccSYSog3.s:205    .text:0000000000000114 .L0 
     /tmp/ccSYSog3.s:210    .text:0000000000000114 _GLOBAL__sub_I__ZN9Scheduler16readyThreadQueueE
     /tmp/ccSYSog3.s:213    .text:0000000000000114 .L0 
     /tmp/ccSYSog3.s:214    .text:0000000000000114 .L0 
     /tmp/ccSYSog3.s:215    .text:0000000000000118 .L0 
     /tmp/ccSYSog3.s:218    .text:0000000000000120 .L0 
     /tmp/ccSYSog3.s:219    .text:0000000000000120 .L0 
     /tmp/ccSYSog3.s:221    .text:0000000000000124 .L0 
     /tmp/ccSYSog3.s:223    .text:0000000000000124 .L0 
     /tmp/ccSYSog3.s:229    .text:000000000000013c .L0 
     /tmp/ccSYSog3.s:231    .text:0000000000000140 .L0 
     /tmp/ccSYSog3.s:232    .text:0000000000000140 .L0 
     /tmp/ccSYSog3.s:234    .text:0000000000000144 .L0 
     /tmp/ccSYSog3.s:236    .text:0000000000000148 .L0 
     /tmp/ccSYSog3.s:248    .bss:0000000000000000 _ZN9Scheduler16readyThreadQueueE
     /tmp/ccSYSog3.s:245    .bss:0000000000000000 .LANCHOR0
     /tmp/ccSYSog3.s:254    .text:0000000000000148 .L0 
     /tmp/ccSYSog3.s:43     .text:000000000000002c .L0 
     /tmp/ccSYSog3.s:77     .text:0000000000000054 .L0 
     /tmp/ccSYSog3.s:84     .text:0000000000000064 .L0 
     /tmp/ccSYSog3.s:116    .text:0000000000000094 .L0 
     /tmp/ccSYSog3.s:167    .text:00000000000000d4 .L0 
     /tmp/ccSYSog3.s:173    .text:00000000000000e4 .L0 
     /tmp/ccSYSog3.s:197    .text:0000000000000100 .L0 
     /tmp/ccSYSog3.s:31     .text:0000000000000020 .L4
     /tmp/ccSYSog3.s:23     .text:0000000000000014 .L1
     /tmp/ccSYSog3.s:119    .text:00000000000000a0 .L8
     /tmp/ccSYSog3.s:111    .text:0000000000000094 .L10
     /tmp/ccSYSog3.s:87     .text:0000000000000070 .L7
     /tmp/ccSYSog3.s:94     .text:000000000000007c .L5
     /tmp/ccSYSog3.s:192    .text:0000000000000100 .L12
     /tmp/ccSYSog3.s:175    .text:00000000000000ec .L11
     /tmp/ccSYSog3.s:907    .debug_abbrev:0000000000000000 .Ldebug_abbrev0
     /tmp/ccSYSog3.s:1896   .debug_str:000000000000021e .LASF53
     /tmp/ccSYSog3.s:1882   .debug_str:0000000000000194 .LASF54
     /tmp/ccSYSog3.s:1934   .debug_str:00000000000003e2 .LASF55
     /tmp/ccSYSog3.s:5      .text:0000000000000000 .Ltext0
     /tmp/ccSYSog3.s:251    .text:0000000000000148 .Letext0
     /tmp/ccSYSog3.s:1830   .debug_line:0000000000000000 .Ldebug_line0
     /tmp/ccSYSog3.s:1904   .debug_str:00000000000002f8 .LASF0
     /tmp/ccSYSog3.s:1886   .debug_str:00000000000001b8 .LASF1
     /tmp/ccSYSog3.s:1876   .debug_str:0000000000000164 .LASF2
     /tmp/ccSYSog3.s:1848   .debug_str:000000000000006b .LASF4
GAS LISTING /tmp/ccSYSog3.s 			page 10


     /tmp/ccSYSog3.s:1884   .debug_str:00000000000001a6 .LASF3
     /tmp/ccSYSog3.s:1838   .debug_str:0000000000000032 .LASF5
     /tmp/ccSYSog3.s:1834   .debug_str:0000000000000014 .LASF6
     /tmp/ccSYSog3.s:1866   .debug_str:0000000000000115 .LASF7
     /tmp/ccSYSog3.s:1918   .debug_str:0000000000000350 .LASF8
     /tmp/ccSYSog3.s:1846   .debug_str:000000000000005d .LASF9
     /tmp/ccSYSog3.s:1956   .debug_str:00000000000004ce .LASF10
     /tmp/ccSYSog3.s:1872   .debug_str:000000000000014b .LASF11
     /tmp/ccSYSog3.s:1946   .debug_str:0000000000000467 .LASF12
     /tmp/ccSYSog3.s:1924   .debug_str:000000000000037b .LASF13
     /tmp/ccSYSog3.s:1888   .debug_str:00000000000001cb .LASF14
     /tmp/ccSYSog3.s:1858   .debug_str:00000000000000d9 .LASF15
     /tmp/ccSYSog3.s:1920   .debug_str:0000000000000360 .LASF16
     /tmp/ccSYSog3.s:1864   .debug_str:000000000000010b .LASF17
     /tmp/ccSYSog3.s:1914   .debug_str:0000000000000336 .LASF56
     /tmp/ccSYSog3.s:1844   .debug_str:0000000000000049 .LASF57
     /tmp/ccSYSog3.s:1856   .debug_str:00000000000000c1 .LASF58
     /tmp/ccSYSog3.s:1940   .debug_str:0000000000000422 .LASF18
     /tmp/ccSYSog3.s:1922   .debug_str:0000000000000376 .LASF21
     /tmp/ccSYSog3.s:1870   .debug_str:0000000000000146 .LASF19
     /tmp/ccSYSog3.s:1840   .debug_str:0000000000000039 .LASF20
     /tmp/ccSYSog3.s:1942   .debug_str:000000000000042c .LASF25
     /tmp/ccSYSog3.s:1900   .debug_str:00000000000002ea .LASF22
     /tmp/ccSYSog3.s:1938   .debug_str:000000000000041d .LASF23
     /tmp/ccSYSog3.s:1912   .debug_str:0000000000000329 .LASF52
     /tmp/ccSYSog3.s:1890   .debug_str:00000000000001d7 .LASF59
     /tmp/ccSYSog3.s:1908   .debug_str:000000000000030a .LASF24
     /tmp/ccSYSog3.s:1832   .debug_str:0000000000000000 .LASF26
     /tmp/ccSYSog3.s:1860   .debug_str:00000000000000ef .LASF27
     /tmp/ccSYSog3.s:1852   .debug_str:00000000000000a2 .LASF29
     /tmp/ccSYSog3.s:1862   .debug_str:00000000000000f4 .LASF34
     /tmp/ccSYSog3.s:1948   .debug_str:0000000000000477 .LASF60
     /tmp/ccSYSog3.s:1926   .debug_str:000000000000038b .LASF61
     /tmp/ccSYSog3.s:1902   .debug_str:00000000000002ef .LASF28
     /tmp/ccSYSog3.s:1954   .debug_str:00000000000004b1 .LASF30
     /tmp/ccSYSog3.s:1898   .debug_str:00000000000002e2 .LASF31
     /tmp/ccSYSog3.s:1944   .debug_str:000000000000044b .LASF32
     /tmp/ccSYSog3.s:1854   .debug_str:00000000000000b5 .LASF33
     /tmp/ccSYSog3.s:1868   .debug_str:0000000000000128 .LASF35
     /tmp/ccSYSog3.s:1874   .debug_str:000000000000015a .LASF36
     /tmp/ccSYSog3.s:1936   .debug_str:0000000000000402 .LASF37
     /tmp/ccSYSog3.s:1842   .debug_str:000000000000003e .LASF38
     /tmp/ccSYSog3.s:1880   .debug_str:0000000000000177 .LASF39
     /tmp/ccSYSog3.s:1916   .debug_str:0000000000000347 .LASF40
     /tmp/ccSYSog3.s:1928   .debug_str:00000000000003a2 .LASF41
     /tmp/ccSYSog3.s:1894   .debug_str:00000000000001fd .LASF62
     /tmp/ccSYSog3.s:1850   .debug_str:0000000000000072 .LASF42
     /tmp/ccSYSog3.s:211    .text:0000000000000114 .LFB21
     /tmp/ccSYSog3.s:237    .text:0000000000000148 .LFE21
     /tmp/ccSYSog3.s:227    .text:0000000000000138 .LVL19
     /tmp/ccSYSog3.s:1952   .debug_str:0000000000000487 .LASF43
     /tmp/ccSYSog3.s:9      .text:0000000000000000 .LFB20
     /tmp/ccSYSog3.s:53     .text:0000000000000040 .LFE20
     /tmp/ccSYSog3.s:1910   .debug_str:000000000000031a .LASF44
     /tmp/ccSYSog3.s:1836   .debug_str:0000000000000027 .LASF45
     /tmp/ccSYSog3.s:38     .text:000000000000002c .LBB15
     /tmp/ccSYSog3.s:49     .text:000000000000003c .LBE15
GAS LISTING /tmp/ccSYSog3.s 			page 11


     /tmp/ccSYSog3.s:1687   .debug_loc:0000000000000000 .LLST0
     /tmp/ccSYSog3.s:1878   .debug_str:0000000000000172 .LASF46
     /tmp/ccSYSog3.s:1932   .debug_str:00000000000003c3 .LASF48
     /tmp/ccSYSog3.s:1906   .debug_str:0000000000000305 .LASF47
     /tmp/ccSYSog3.s:1892   .debug_str:00000000000001ea .LASF49
     /tmp/ccSYSog3.s:134    .text:00000000000000a8 .LFB11
     /tmp/ccSYSog3.s:206    .text:0000000000000114 .LFE11
     /tmp/ccSYSog3.s:1696   .debug_loc:000000000000002c .LLST4
     /tmp/ccSYSog3.s:151    .text:00000000000000c0 .LBB22
     /tmp/ccSYSog3.s:1816   .debug_ranges:0000000000000000 .Ldebug_ranges0
     /tmp/ccSYSog3.s:1718   .debug_loc:000000000000008b .LLST5
     /tmp/ccSYSog3.s:1733   .debug_loc:00000000000000d4 .LLST6
     /tmp/ccSYSog3.s:158    .text:00000000000000cc .LBB24
     /tmp/ccSYSog3.s:165    .text:00000000000000d4 .LBE24
     /tmp/ccSYSog3.s:1748   .debug_loc:000000000000011c .LLST7
     /tmp/ccSYSog3.s:1756   .debug_loc:0000000000000140 .LLST8
     /tmp/ccSYSog3.s:1763   .debug_loc:0000000000000163 .LLST9
     /tmp/ccSYSog3.s:157    .text:00000000000000cc .LVL13
     /tmp/ccSYSog3.s:59     .text:0000000000000040 .LFB10
     /tmp/ccSYSog3.s:128    .text:00000000000000a8 .LFE10
     /tmp/ccSYSog3.s:74     .text:0000000000000054 .LBB18
     /tmp/ccSYSog3.s:1770   .debug_loc:0000000000000186 .LLST1
     /tmp/ccSYSog3.s:1785   .debug_loc:00000000000001ce .LLST2
     /tmp/ccSYSog3.s:1796   .debug_loc:0000000000000204 .LLST3
     /tmp/ccSYSog3.s:93     .text:000000000000007c .LVL6
     /tmp/ccSYSog3.s:1950   .debug_str:0000000000000481 .LASF50
     /tmp/ccSYSog3.s:1930   .debug_str:00000000000003bc .LASF51
     /tmp/ccSYSog3.s:37     .text:000000000000002c .LVL1
     /tmp/ccSYSog3.s:46     .text:000000000000003c .LVL2
     /tmp/ccSYSog3.s:137    .text:00000000000000a8 .LVL10
     /tmp/ccSYSog3.s:155    .text:00000000000000c4 .LVL12
     /tmp/ccSYSog3.s:187    .text:00000000000000f8 .LVL16
     /tmp/ccSYSog3.s:191    .text:0000000000000100 .LVL17
     /tmp/ccSYSog3.s:150    .text:00000000000000c0 .LVL11
     /tmp/ccSYSog3.s:174    .text:00000000000000ec .LVL15
     /tmp/ccSYSog3.s:200    .text:0000000000000110 .LVL18
     /tmp/ccSYSog3.s:163    .text:00000000000000d4 .LVL14
     /tmp/ccSYSog3.s:73     .text:0000000000000054 .LVL3
     /tmp/ccSYSog3.s:110    .text:0000000000000094 .LVL7
     /tmp/ccSYSog3.s:122    .text:00000000000000a4 .LVL9
     /tmp/ccSYSog3.s:80     .text:0000000000000060 .LVL4
     /tmp/ccSYSog3.s:118    .text:00000000000000a0 .LVL8
     /tmp/ccSYSog3.s:90     .text:0000000000000074 .LVL5
     /tmp/ccSYSog3.s:255    .debug_info:0000000000000000 .Ldebug_info0
     /tmp/ccSYSog3.s:96     .text:000000000000007c .LBE18
     /tmp/ccSYSog3.s:113    .text:0000000000000094 .LBB21
     /tmp/ccSYSog3.s:124    .text:00000000000000a4 .LBE21
     /tmp/ccSYSog3.s:177    .text:00000000000000ec .LBE22
     /tmp/ccSYSog3.s:194    .text:0000000000000100 .LBB27
     /tmp/ccSYSog3.s:202    .text:0000000000000110 .LBE27

UNDEFINED SYMBOLS
_ZdlPv
_Znwm
