GAS LISTING /tmp/ccDyzt2a.s 			page 1


   1              		.file	"syscall_c.cpp"
   2              		.option pic
   3              		.option norelax
   4              		.text
   5              	.Ltext0:
   6              		.align	2
   7              		.globl	_Z13thread_createPP3TCBPFvPvES2_
   9              	_Z13thread_createPP3TCBPFvPvES2_:
  10              	.LFB42:
  11              		.file 1 "src/syscall_c.cpp"
   1:src/syscall_c.cpp **** #include "../h/syscall_c.hpp"
   2:src/syscall_c.cpp **** #include "../h/riscv.hpp"
   3:src/syscall_c.cpp **** #include "../lib/mem.h"
   4:src/syscall_c.cpp **** 
   5:src/syscall_c.cpp **** int thread_create(
   6:src/syscall_c.cpp ****         thread_t *handle,
   7:src/syscall_c.cpp ****         void(*start_routine)(void*),
   8:src/syscall_c.cpp ****         void* arg) {
  12              		.loc 1 8 20
  13              		.cfi_startproc
  14              	.LVL0:
  15 0000 130101FC 		addi	sp,sp,-64
  16              		.cfi_def_cfa_offset 64
  17 0004 233C1102 		sd	ra,56(sp)
  18 0008 23388102 		sd	s0,48(sp)
  19 000c 23349102 		sd	s1,40(sp)
  20 0010 23302103 		sd	s2,32(sp)
  21 0014 233C3101 		sd	s3,24(sp)
  22              		.cfi_offset 1, -8
  23              		.cfi_offset 8, -16
  24              		.cfi_offset 9, -24
  25              		.cfi_offset 18, -32
  26              		.cfi_offset 19, -40
  27 0018 13040104 		addi	s0,sp,64
  28              		.cfi_def_cfa 8, 0
  29 001c 93090500 		mv	s3,a0
  30 0020 93840500 		mv	s1,a1
  31 0024 13090600 		mv	s2,a2
   9:src/syscall_c.cpp **** 
  10:src/syscall_c.cpp ****     void* stackSpace;
  32              		.loc 1 10 5
  11:src/syscall_c.cpp ****     if(start_routine == nullptr) stackSpace = nullptr;
  33              		.loc 1 11 5
  34 0028 638E0504 		beqz	a1,.L4
  12:src/syscall_c.cpp ****     else {
  13:src/syscall_c.cpp ****         stackSpace = __mem_alloc(DEFAULT_STACK_SIZE * sizeof (uint64));
  35              		.loc 1 13 9
  36              		.loc 1 13 33 is_stmt 0
  37 002c 37850000 		li	a0,32768
  38              	.LVL1:
  39 0030 97000000 		call	__mem_alloc@plt
  39      E7800000 
  40              	.LVL2:
  14:src/syscall_c.cpp ****         if(stackSpace == nullptr) return -1; // alokacija steka nije uspela
  41              		.loc 1 14 9 is_stmt 1
  42 0038 630A0504 		beqz	a0,.L7
  43              	.LVL3:
GAS LISTING /tmp/ccDyzt2a.s 			page 2


  44              	.L2:
  15:src/syscall_c.cpp ****     }
  16:src/syscall_c.cpp **** 
  17:src/syscall_c.cpp ****     Riscv::w_a4((uint64)handle);
  45              		.loc 1 17 5
  46              	.LBB20:
  47              	.LBB21:
  48              		.file 2 "src/../h/riscv.hpp"
   1:src/../h/riscv.hpp **** #ifndef RISCV_HPP
   2:src/../h/riscv.hpp **** #define RISCV_HPP
   3:src/../h/riscv.hpp **** 
   4:src/../h/riscv.hpp **** #include "../lib/hw.h"
   5:src/../h/riscv.hpp **** 
   6:src/../h/riscv.hpp **** class Riscv {
   7:src/../h/riscv.hpp **** public:
   8:src/../h/riscv.hpp **** 
   9:src/../h/riscv.hpp ****     // pop sstatus.spp and sstatus.spie bits (has to be a non inline function)
  10:src/../h/riscv.hpp ****     static void popSppSpie();
  11:src/../h/riscv.hpp **** 
  12:src/../h/riscv.hpp ****     // read register scause
  13:src/../h/riscv.hpp ****     static uint64 r_scause();
  14:src/../h/riscv.hpp **** 
  15:src/../h/riscv.hpp ****     // write register scause
  16:src/../h/riscv.hpp ****     static void w_scause(uint64 scause);
  17:src/../h/riscv.hpp **** 
  18:src/../h/riscv.hpp ****     // read register sepc
  19:src/../h/riscv.hpp ****     static uint64 r_sepc();
  20:src/../h/riscv.hpp **** 
  21:src/../h/riscv.hpp ****     // write register sepc
  22:src/../h/riscv.hpp ****     static void w_sepc(uint64 sepc);
  23:src/../h/riscv.hpp **** 
  24:src/../h/riscv.hpp ****     // read register stvec
  25:src/../h/riscv.hpp ****     static uint64 r_stvec();
  26:src/../h/riscv.hpp **** 
  27:src/../h/riscv.hpp ****     // write register stvec
  28:src/../h/riscv.hpp ****     static void w_stvec(uint64 stvec);
  29:src/../h/riscv.hpp **** 
  30:src/../h/riscv.hpp ****     // read register stval
  31:src/../h/riscv.hpp ****     static uint64 r_stval();
  32:src/../h/riscv.hpp **** 
  33:src/../h/riscv.hpp ****     // write register stval
  34:src/../h/riscv.hpp ****     static void w_stval(uint64 stval);
  35:src/../h/riscv.hpp **** 
  36:src/../h/riscv.hpp ****     enum BitMaskSip
  37:src/../h/riscv.hpp ****     {
  38:src/../h/riscv.hpp ****         SIP_SSIP = (1 << 1),
  39:src/../h/riscv.hpp ****         SIP_STIP = (1 << 5),
  40:src/../h/riscv.hpp ****         SIP_SEIP = (1 << 9),
  41:src/../h/riscv.hpp ****     };
  42:src/../h/riscv.hpp **** 
  43:src/../h/riscv.hpp ****     // mask set register sip
  44:src/../h/riscv.hpp ****     static void ms_sip(uint64 mask);
  45:src/../h/riscv.hpp **** 
  46:src/../h/riscv.hpp ****     // mask clear register sip
  47:src/../h/riscv.hpp ****     static void mc_sip(uint64 mask);
  48:src/../h/riscv.hpp **** 
  49:src/../h/riscv.hpp ****     // read register sip
GAS LISTING /tmp/ccDyzt2a.s 			page 3


  50:src/../h/riscv.hpp ****     static uint64 r_sip();
  51:src/../h/riscv.hpp **** 
  52:src/../h/riscv.hpp ****     // write register sip
  53:src/../h/riscv.hpp ****     static void w_sip(uint64 sip);
  54:src/../h/riscv.hpp **** 
  55:src/../h/riscv.hpp ****     enum BitMaskSstatus
  56:src/../h/riscv.hpp ****     {
  57:src/../h/riscv.hpp ****         SSTATUS_SIE = (1 << 1),
  58:src/../h/riscv.hpp ****         SSTATUS_SPIE = (1 << 5),
  59:src/../h/riscv.hpp ****         SSTATUS_SPP = (1 << 8),
  60:src/../h/riscv.hpp ****     };
  61:src/../h/riscv.hpp **** 
  62:src/../h/riscv.hpp ****     // mask set register sstatus
  63:src/../h/riscv.hpp ****     static void ms_sstatus(uint64 mask);
  64:src/../h/riscv.hpp **** 
  65:src/../h/riscv.hpp ****     // mask clear register sstatus
  66:src/../h/riscv.hpp ****     static void mc_sstatus(uint64 mask);
  67:src/../h/riscv.hpp **** 
  68:src/../h/riscv.hpp ****     // read register sstatus
  69:src/../h/riscv.hpp ****     static uint64 r_sstatus();
  70:src/../h/riscv.hpp **** 
  71:src/../h/riscv.hpp ****     // write register sstatus
  72:src/../h/riscv.hpp ****     static void w_sstatus(uint64 sstatus);
  73:src/../h/riscv.hpp **** 
  74:src/../h/riscv.hpp ****     //read a0
  75:src/../h/riscv.hpp ****     static long r_a0();
  76:src/../h/riscv.hpp **** 
  77:src/../h/riscv.hpp ****     //write a0
  78:src/../h/riscv.hpp ****     static void w_a0(long a0);
  79:src/../h/riscv.hpp **** 
  80:src/../h/riscv.hpp ****     //read a1
  81:src/../h/riscv.hpp ****     static uint64 r_a1();
  82:src/../h/riscv.hpp **** 
  83:src/../h/riscv.hpp ****     //write a1
  84:src/../h/riscv.hpp ****     static void w_a1(uint64 a1);
  85:src/../h/riscv.hpp **** 
  86:src/../h/riscv.hpp ****     //read a2
  87:src/../h/riscv.hpp ****     static uint64 r_a2();
  88:src/../h/riscv.hpp **** 
  89:src/../h/riscv.hpp ****     //write a2
  90:src/../h/riscv.hpp ****     static void w_a2(uint64 a2);
  91:src/../h/riscv.hpp **** 
  92:src/../h/riscv.hpp ****     //read a3
  93:src/../h/riscv.hpp ****     static uint64 r_a3();
  94:src/../h/riscv.hpp **** 
  95:src/../h/riscv.hpp ****     //write a3
  96:src/../h/riscv.hpp ****     static void w_a3(uint64 a3);
  97:src/../h/riscv.hpp **** 
  98:src/../h/riscv.hpp ****     //read a4
  99:src/../h/riscv.hpp ****     static uint64 r_a4();
 100:src/../h/riscv.hpp **** 
 101:src/../h/riscv.hpp ****     //write a3
 102:src/../h/riscv.hpp ****     static void w_a4(uint64 a4);
 103:src/../h/riscv.hpp **** 
 104:src/../h/riscv.hpp ****     // supervisor trap
 105:src/../h/riscv.hpp ****     static void supervisorTrap();
 106:src/../h/riscv.hpp **** 
GAS LISTING /tmp/ccDyzt2a.s 			page 4


 107:src/../h/riscv.hpp **** private:
 108:src/../h/riscv.hpp **** 
 109:src/../h/riscv.hpp ****     // supervisor trap handler
 110:src/../h/riscv.hpp ****     static void handleSupervisorTrap();
 111:src/../h/riscv.hpp **** 
 112:src/../h/riscv.hpp **** };
 113:src/../h/riscv.hpp **** 
 114:src/../h/riscv.hpp **** inline uint64 Riscv::r_scause() {
 115:src/../h/riscv.hpp ****     uint64 volatile scause;
 116:src/../h/riscv.hpp ****     __asm__ volatile ("csrr %[scause], scause" : [scause] "=r"(scause));
 117:src/../h/riscv.hpp ****     return scause;
 118:src/../h/riscv.hpp **** }
 119:src/../h/riscv.hpp **** 
 120:src/../h/riscv.hpp **** inline void Riscv::w_scause(uint64 scause) {
 121:src/../h/riscv.hpp ****     __asm__ volatile ("csrw scause, %[scause]" : : [scause] "r"(scause));
 122:src/../h/riscv.hpp **** }
 123:src/../h/riscv.hpp **** 
 124:src/../h/riscv.hpp **** inline uint64 Riscv::r_sepc() {
 125:src/../h/riscv.hpp ****     uint64 volatile sepc;
 126:src/../h/riscv.hpp ****     __asm__ volatile ("csrr %[sepc], sepc" : [sepc] "=r"(sepc));
 127:src/../h/riscv.hpp ****     return sepc;
 128:src/../h/riscv.hpp **** }
 129:src/../h/riscv.hpp **** 
 130:src/../h/riscv.hpp **** inline void Riscv::w_sepc(uint64 sepc) {
 131:src/../h/riscv.hpp ****     __asm__ volatile ("csrw sepc, %[sepc]" : : [sepc] "r"(sepc));
 132:src/../h/riscv.hpp **** }
 133:src/../h/riscv.hpp **** 
 134:src/../h/riscv.hpp **** inline uint64 Riscv::r_stvec() {
 135:src/../h/riscv.hpp ****     uint64 volatile stvec;
 136:src/../h/riscv.hpp ****     __asm__ volatile ("csrr %[stvec], stvec" : [stvec] "=r"(stvec));
 137:src/../h/riscv.hpp ****     return stvec;
 138:src/../h/riscv.hpp **** }
 139:src/../h/riscv.hpp **** 
 140:src/../h/riscv.hpp **** inline void Riscv::w_stvec(uint64 stvec) {
 141:src/../h/riscv.hpp ****     __asm__ volatile ("csrw stvec, %[stvec]" : : [stvec] "r"(stvec));
 142:src/../h/riscv.hpp **** }
 143:src/../h/riscv.hpp **** 
 144:src/../h/riscv.hpp **** inline uint64 Riscv::r_stval() {
 145:src/../h/riscv.hpp ****     uint64 volatile stval;
 146:src/../h/riscv.hpp ****     __asm__ volatile ("csrr %[stval], stval" : [stval] "=r"(stval));
 147:src/../h/riscv.hpp ****     return stval;
 148:src/../h/riscv.hpp **** }
 149:src/../h/riscv.hpp **** 
 150:src/../h/riscv.hpp **** inline void Riscv::w_stval(uint64 stval) {
 151:src/../h/riscv.hpp ****     __asm__ volatile ("csrw stval, %[stval]" : : [stval] "r"(stval));
 152:src/../h/riscv.hpp **** }
 153:src/../h/riscv.hpp **** 
 154:src/../h/riscv.hpp **** inline void Riscv::ms_sip(uint64 mask) {
 155:src/../h/riscv.hpp ****     __asm__ volatile ("csrs sip, %[mask]" : : [mask] "r"(mask));
 156:src/../h/riscv.hpp **** }
 157:src/../h/riscv.hpp **** 
 158:src/../h/riscv.hpp **** inline void Riscv::mc_sip(uint64 mask) {
 159:src/../h/riscv.hpp ****     __asm__ volatile ("csrc sip, %[mask]" : : [mask] "r"(mask));
 160:src/../h/riscv.hpp **** }
 161:src/../h/riscv.hpp **** 
 162:src/../h/riscv.hpp **** inline uint64 Riscv::r_sip() {
 163:src/../h/riscv.hpp ****     uint64 volatile sip;
GAS LISTING /tmp/ccDyzt2a.s 			page 5


 164:src/../h/riscv.hpp ****     __asm__ volatile ("csrr %[sip], sip" : [sip] "=r"(sip));
 165:src/../h/riscv.hpp ****     return sip;
 166:src/../h/riscv.hpp **** }
 167:src/../h/riscv.hpp **** 
 168:src/../h/riscv.hpp **** inline void Riscv::w_sip(uint64 sip) {
 169:src/../h/riscv.hpp ****     __asm__ volatile ("csrw sip, %[sip]" : : [sip] "r"(sip));
 170:src/../h/riscv.hpp **** }
 171:src/../h/riscv.hpp **** 
 172:src/../h/riscv.hpp **** inline void Riscv::ms_sstatus(uint64 mask) {
 173:src/../h/riscv.hpp ****     __asm__ volatile ("csrs sstatus, %[mask]" : : [mask] "r"(mask));
 174:src/../h/riscv.hpp **** }
 175:src/../h/riscv.hpp **** 
 176:src/../h/riscv.hpp **** inline void Riscv::mc_sstatus(uint64 mask) {
 177:src/../h/riscv.hpp ****     __asm__ volatile ("csrc sstatus, %[mask]" : : [mask] "r"(mask));
 178:src/../h/riscv.hpp **** }
 179:src/../h/riscv.hpp **** 
 180:src/../h/riscv.hpp **** inline uint64 Riscv::r_sstatus() {
 181:src/../h/riscv.hpp ****     uint64 volatile sstatus;
 182:src/../h/riscv.hpp ****     __asm__ volatile ("csrr %[sstatus], sstatus" : [sstatus] "=r"(sstatus));
 183:src/../h/riscv.hpp ****     return sstatus;
 184:src/../h/riscv.hpp **** }
 185:src/../h/riscv.hpp **** 
 186:src/../h/riscv.hpp **** inline void Riscv::w_sstatus(uint64 sstatus) {
 187:src/../h/riscv.hpp ****     __asm__ volatile ("csrw sstatus, %[sstatus]" : : [sstatus] "r"(sstatus));
 188:src/../h/riscv.hpp **** }
 189:src/../h/riscv.hpp **** 
 190:src/../h/riscv.hpp **** inline void Riscv::w_a0(long a0) {
 191:src/../h/riscv.hpp ****     __asm__ volatile ("mv a0, %0" : : "r"(a0));
 192:src/../h/riscv.hpp **** }
 193:src/../h/riscv.hpp **** 
 194:src/../h/riscv.hpp **** inline long Riscv::r_a0() {
 195:src/../h/riscv.hpp ****     long volatile a0;
 196:src/../h/riscv.hpp ****     __asm__ volatile ("ld %0, 10*8(fp)" : "=r"(a0));
 197:src/../h/riscv.hpp ****     return a0;
 198:src/../h/riscv.hpp **** }
 199:src/../h/riscv.hpp **** 
 200:src/../h/riscv.hpp **** inline void Riscv::w_a1(uint64 a1) {
 201:src/../h/riscv.hpp ****     __asm__ volatile ("mv a1, %0" : : "r"(a1));
 202:src/../h/riscv.hpp **** }
 203:src/../h/riscv.hpp **** 
 204:src/../h/riscv.hpp **** inline uint64 Riscv::r_a1() {
 205:src/../h/riscv.hpp ****     uint64 volatile a1;
 206:src/../h/riscv.hpp ****     __asm__ volatile ("ld %0, 11*8(fp)" : "=r"(a1));
 207:src/../h/riscv.hpp ****     return a1;
 208:src/../h/riscv.hpp **** }
 209:src/../h/riscv.hpp **** 
 210:src/../h/riscv.hpp **** inline void Riscv::w_a2(uint64 a2) {
 211:src/../h/riscv.hpp ****     __asm__ volatile ("mv a2, %0" : : "r"(a2));
 212:src/../h/riscv.hpp **** }
 213:src/../h/riscv.hpp **** 
 214:src/../h/riscv.hpp **** inline uint64 Riscv::r_a2() {
 215:src/../h/riscv.hpp ****     uint64 volatile a2;
 216:src/../h/riscv.hpp ****     __asm__ volatile ("ld %0, 12*8(fp)" : "=r"(a2));
 217:src/../h/riscv.hpp ****     return a2;
 218:src/../h/riscv.hpp **** }
 219:src/../h/riscv.hpp **** 
 220:src/../h/riscv.hpp **** inline void Riscv::w_a3(uint64 a3) {
GAS LISTING /tmp/ccDyzt2a.s 			page 6


 221:src/../h/riscv.hpp ****     __asm__ volatile ("mv a3, %0" : : "r"(a3));
 222:src/../h/riscv.hpp **** }
 223:src/../h/riscv.hpp **** 
 224:src/../h/riscv.hpp **** inline uint64 Riscv::r_a3() {
 225:src/../h/riscv.hpp ****     uint64 volatile a3;
 226:src/../h/riscv.hpp ****     __asm__ volatile ("ld %0, 13*8(fp)" : "=r"(a3));
 227:src/../h/riscv.hpp ****     return a3;
 228:src/../h/riscv.hpp **** }
 229:src/../h/riscv.hpp **** 
 230:src/../h/riscv.hpp **** inline void Riscv::w_a4(uint64 a4) {
 231:src/../h/riscv.hpp ****     __asm__ volatile ("mv a4, %0" : : "r"(a4));
  49              		.loc 2 231 5
  50              		.loc 2 231 47 is_stmt 0
  51              	#APP
  52              	# 231 "src/../h/riscv.hpp" 1
 232              	}
  53              		mv a4, s3
  54              	# 0 "" 2
  55              	.LVL4:
  56              	#NO_APP
  57              	.LBE21:
  58              	.LBE20:
  18:src/syscall_c.cpp ****     Riscv::w_a3((uint64)start_routine);
  59              		.loc 1 18 5 is_stmt 1
  60              	.LBB22:
  61              	.LBB23:
 221:src/../h/riscv.hpp **** }
  62              		.loc 2 221 5
 221:src/../h/riscv.hpp **** }
  63              		.loc 2 221 47 is_stmt 0
  64              	#APP
  65              	# 221 "src/../h/riscv.hpp" 1
  66              		mv a3, s1
  67              	# 0 "" 2
  68              	.LVL5:
  69              	#NO_APP
  70              	.LBE23:
  71              	.LBE22:
  19:src/syscall_c.cpp ****     Riscv::w_a2((uint64)arg);
  72              		.loc 1 19 5 is_stmt 1
  73              	.LBB24:
  74              	.LBB25:
 211:src/../h/riscv.hpp **** }
  75              		.loc 2 211 5
 211:src/../h/riscv.hpp **** }
  76              		.loc 2 211 47 is_stmt 0
  77              	#APP
  78              	# 211 "src/../h/riscv.hpp" 1
  79              		mv a2, s2
  80              	# 0 "" 2
  81              	.LVL6:
  82              	#NO_APP
  83              	.LBE25:
  84              	.LBE24:
  20:src/syscall_c.cpp ****     Riscv::w_a1((uint64)stackSpace);
  85              		.loc 1 20 5 is_stmt 1
  86              	.LBB26:
GAS LISTING /tmp/ccDyzt2a.s 			page 7


  87              	.LBB27:
 201:src/../h/riscv.hpp **** }
  88              		.loc 2 201 5
 201:src/../h/riscv.hpp **** }
  89              		.loc 2 201 47 is_stmt 0
  90              	#APP
  91              	# 201 "src/../h/riscv.hpp" 1
  92              		mv a1, a0
  93              	# 0 "" 2
  94              	.LVL7:
  95              	#NO_APP
  96              	.LBE27:
  97              	.LBE26:
  21:src/syscall_c.cpp ****     Riscv::w_a0(0x11);
  98              		.loc 1 21 5 is_stmt 1
  99              	.LBB28:
 100              	.LBB29:
 191:src/../h/riscv.hpp **** }
 101              		.loc 2 191 5
 191:src/../h/riscv.hpp **** }
 102              		.loc 2 191 47 is_stmt 0
 103 004c 93071001 		li	a5,17
 104              	#APP
 105              	# 191 "src/../h/riscv.hpp" 1
 106              		mv a0, a5
 107              	# 0 "" 2
 108              	.LVL8:
 109              	#NO_APP
 110              	.LBE29:
 111              	.LBE28:
  22:src/syscall_c.cpp **** 
  23:src/syscall_c.cpp ****     __asm__ volatile ("ecall");
 112              		.loc 1 23 5 is_stmt 1
 113              		.loc 1 23 31 is_stmt 0
 114              	#APP
 115              	# 23 "src/syscall_c.cpp" 1
  24              	
  25:src/syscall_c.cpp ****     volatile long a0;
 116              		ecall
 117              	# 0 "" 2
 118              		.loc 1 25 5 is_stmt 1
  26:src/syscall_c.cpp ****     __asm__ volatile ("mv %0, a0" : "=r"(a0));
 119              		.loc 1 26 5
 120              		.loc 1 26 46 is_stmt 0
 121              	# 26 "src/syscall_c.cpp" 1
  27              	    return a0;
 122              		mv a5, a0
 123              	# 0 "" 2
 124              	#NO_APP
 125 005c 2334F4FC 		sd	a5,-56(s0)
 126              		.loc 1 27 5 is_stmt 1
 127              		.loc 1 27 12 is_stmt 0
 128 0060 033584FC 		ld	a0,-56(s0)
 129              	.LVL9:
 130 0064 1B050500 		sext.w	a0,a0
 131              	.L3:
  28:src/syscall_c.cpp **** }
GAS LISTING /tmp/ccDyzt2a.s 			page 8


 132              		.loc 1 28 1
 133 0068 83308103 		ld	ra,56(sp)
 134              		.cfi_remember_state
 135              		.cfi_restore 1
 136 006c 03340103 		ld	s0,48(sp)
 137              		.cfi_restore 8
 138              		.cfi_def_cfa 2, 64
 139 0070 83348102 		ld	s1,40(sp)
 140              		.cfi_restore 9
 141              	.LVL10:
 142 0074 03390102 		ld	s2,32(sp)
 143              		.cfi_restore 18
 144              	.LVL11:
 145 0078 83398101 		ld	s3,24(sp)
 146              		.cfi_restore 19
 147              	.LVL12:
 148 007c 13010104 		addi	sp,sp,64
 149              		.cfi_def_cfa_offset 0
 150 0080 67800000 		jr	ra
 151              	.LVL13:
 152              	.L4:
 153              		.cfi_restore_state
  11:src/syscall_c.cpp ****     else {
 154              		.loc 1 11 45
 155 0084 13050000 		li	a0,0
 156              	.LVL14:
 157 0088 6FF05FFB 		j	.L2
 158              	.LVL15:
 159              	.L7:
  14:src/syscall_c.cpp ****     }
 160              		.loc 1 14 43
 161 008c 1305F0FF 		li	a0,-1
 162              	.LVL16:
 163 0090 6FF09FFD 		j	.L3
 164              		.cfi_endproc
 165              	.LFE42:
 167              		.align	2
 168              		.globl	_Z11thread_exitv
 170              	_Z11thread_exitv:
 171              	.LFB43:
  29:src/syscall_c.cpp **** 
  30:src/syscall_c.cpp **** int thread_exit() {
 172              		.loc 1 30 19 is_stmt 1
 173              		.cfi_startproc
 174 0094 130101FE 		addi	sp,sp,-32
 175              		.cfi_def_cfa_offset 32
 176 0098 233C8100 		sd	s0,24(sp)
 177              		.cfi_offset 8, -8
 178 009c 13040102 		addi	s0,sp,32
 179              		.cfi_def_cfa 8, 0
  31:src/syscall_c.cpp ****     Riscv::w_a0(0x12);
 180              		.loc 1 31 5
 181              	.LVL17:
 182              	.LBB30:
 183              	.LBB31:
 191:src/../h/riscv.hpp **** }
 184              		.loc 2 191 5
GAS LISTING /tmp/ccDyzt2a.s 			page 9


 191:src/../h/riscv.hpp **** }
 185              		.loc 2 191 47 is_stmt 0
 186 00a0 93072001 		li	a5,18
 187              	#APP
 188              	# 191 "src/../h/riscv.hpp" 1
 189              		mv a0, a5
 190              	# 0 "" 2
 191              	.LVL18:
 192              	#NO_APP
 193              	.LBE31:
 194              	.LBE30:
  32:src/syscall_c.cpp ****     __asm__ volatile("ecall");
 195              		.loc 1 32 5 is_stmt 1
 196              		.loc 1 32 30 is_stmt 0
 197              	#APP
 198              	# 32 "src/syscall_c.cpp" 1
  33              	
  34:src/syscall_c.cpp ****     volatile long a0;
 199              		ecall
 200              	# 0 "" 2
 201              		.loc 1 34 5 is_stmt 1
  35:src/syscall_c.cpp ****     __asm__ volatile ("mv %0, a0" : "=r"(a0));
 202              		.loc 1 35 5
 203              		.loc 1 35 46 is_stmt 0
 204              	# 35 "src/syscall_c.cpp" 1
  36              	    return a0;
 205              		mv a5, a0
 206              	# 0 "" 2
 207              	#NO_APP
 208 00b0 2334F4FE 		sd	a5,-24(s0)
 209              		.loc 1 36 5 is_stmt 1
 210              		.loc 1 36 12 is_stmt 0
 211 00b4 033584FE 		ld	a0,-24(s0)
  37:src/syscall_c.cpp **** }
 212              		.loc 1 37 1
 213 00b8 1B050500 		sext.w	a0,a0
 214 00bc 03348101 		ld	s0,24(sp)
 215              		.cfi_restore 8
 216              		.cfi_def_cfa 2, 32
 217 00c0 13010102 		addi	sp,sp,32
 218              		.cfi_def_cfa_offset 0
 219 00c4 67800000 		jr	ra
 220              		.cfi_endproc
 221              	.LFE43:
 223              		.align	2
 224              		.globl	_Z15thread_dispatchv
 226              	_Z15thread_dispatchv:
 227              	.LFB44:
  38:src/syscall_c.cpp **** 
  39:src/syscall_c.cpp **** void thread_dispatch() {
 228              		.loc 1 39 24 is_stmt 1
 229              		.cfi_startproc
 230 00c8 130101FF 		addi	sp,sp,-16
 231              		.cfi_def_cfa_offset 16
 232 00cc 23348100 		sd	s0,8(sp)
 233              		.cfi_offset 8, -8
 234 00d0 13040101 		addi	s0,sp,16
GAS LISTING /tmp/ccDyzt2a.s 			page 10


 235              		.cfi_def_cfa 8, 0
  40:src/syscall_c.cpp ****     Riscv::w_a0(0x13);
 236              		.loc 1 40 5
 237              	.LVL19:
 238              	.LBB32:
 239              	.LBB33:
 191:src/../h/riscv.hpp **** }
 240              		.loc 2 191 5
 191:src/../h/riscv.hpp **** }
 241              		.loc 2 191 47 is_stmt 0
 242 00d4 93073001 		li	a5,19
 243              	#APP
 244              	# 191 "src/../h/riscv.hpp" 1
 245              		mv a0, a5
 246              	# 0 "" 2
 247              	.LVL20:
 248              	#NO_APP
 249              	.LBE33:
 250              	.LBE32:
  41:src/syscall_c.cpp ****     __asm__ volatile ("ecall");
 251              		.loc 1 41 5 is_stmt 1
 252              		.loc 1 41 31 is_stmt 0
 253              	#APP
 254              	# 41 "src/syscall_c.cpp" 1
  42              	}
 255              		ecall
 256              	# 0 "" 2
 257              		.loc 1 42 1
 258              	#NO_APP
 259 00e0 03348100 		ld	s0,8(sp)
 260              		.cfi_restore 8
 261              		.cfi_def_cfa 2, 16
 262 00e4 13010101 		addi	sp,sp,16
 263              		.cfi_def_cfa_offset 0
 264 00e8 67800000 		jr	ra
 265              		.cfi_endproc
 266              	.LFE44:
 268              		.align	2
 269              		.globl	_Z12thread_startP3TCB
 271              	_Z12thread_startP3TCB:
 272              	.LFB45:
  43:src/syscall_c.cpp **** 
  44:src/syscall_c.cpp **** int thread_start(thread_t thread) {
 273              		.loc 1 44 35 is_stmt 1
 274              		.cfi_startproc
 275              	.LVL21:
 276 00ec 130101FE 		addi	sp,sp,-32
 277              		.cfi_def_cfa_offset 32
 278 00f0 233C8100 		sd	s0,24(sp)
 279              		.cfi_offset 8, -8
 280 00f4 13040102 		addi	s0,sp,32
 281              		.cfi_def_cfa 8, 0
  45:src/syscall_c.cpp ****     Riscv::w_a1((uint64)thread);
 282              		.loc 1 45 5
 283              	.LVL22:
 284              	.LBB34:
 285              	.LBB35:
GAS LISTING /tmp/ccDyzt2a.s 			page 11


 201:src/../h/riscv.hpp **** }
 286              		.loc 2 201 5
 201:src/../h/riscv.hpp **** }
 287              		.loc 2 201 47 is_stmt 0
 288              	#APP
 289              	# 201 "src/../h/riscv.hpp" 1
 290              		mv a1, a0
 291              	# 0 "" 2
 292              	.LVL23:
 293              	#NO_APP
 294              	.LBE35:
 295              	.LBE34:
  46:src/syscall_c.cpp ****     Riscv::w_a0(0x14);
 296              		.loc 1 46 5 is_stmt 1
 297              	.LBB36:
 298              	.LBB37:
 191:src/../h/riscv.hpp **** }
 299              		.loc 2 191 5
 191:src/../h/riscv.hpp **** }
 300              		.loc 2 191 47 is_stmt 0
 301 00fc 93074001 		li	a5,20
 302              	#APP
 303              	# 191 "src/../h/riscv.hpp" 1
 304              		mv a0, a5
 305              	# 0 "" 2
 306              	.LVL24:
 307              	#NO_APP
 308              	.LBE37:
 309              	.LBE36:
  47:src/syscall_c.cpp ****     __asm__ volatile ("ecall");
 310              		.loc 1 47 5 is_stmt 1
 311              		.loc 1 47 31 is_stmt 0
 312              	#APP
 313              	# 47 "src/syscall_c.cpp" 1
  48              	
  49:src/syscall_c.cpp ****     volatile long a0;
 314              		ecall
 315              	# 0 "" 2
 316              		.loc 1 49 5 is_stmt 1
  50:src/syscall_c.cpp ****     __asm__ volatile ("mv %0, a0" : "=r"(a0));
 317              		.loc 1 50 5
 318              		.loc 1 50 46 is_stmt 0
 319              	# 50 "src/syscall_c.cpp" 1
  51              	    return a0;
 320              		mv a5, a0
 321              	# 0 "" 2
 322              	#NO_APP
 323 010c 2334F4FE 		sd	a5,-24(s0)
 324              		.loc 1 51 5 is_stmt 1
 325              		.loc 1 51 12 is_stmt 0
 326 0110 033584FE 		ld	a0,-24(s0)
 327              	.LVL25:
  52:src/syscall_c.cpp **** }
 328              		.loc 1 52 1
 329 0114 1B050500 		sext.w	a0,a0
 330 0118 03348101 		ld	s0,24(sp)
 331              		.cfi_restore 8
GAS LISTING /tmp/ccDyzt2a.s 			page 12


 332              		.cfi_def_cfa 2, 32
 333 011c 13010102 		addi	sp,sp,32
 334              		.cfi_def_cfa_offset 0
 335 0120 67800000 		jr	ra
 336              		.cfi_endproc
 337              	.LFE45:
 339              	.Letext0:
 340              		.file 3 "src/../h/../lib/hw.h"
 341              		.file 4 "src/../h/tcb.hpp"
 342              		.file 5 "src/../h/syscall_c.hpp"
 343              		.file 6 "src/../lib/mem.h"
GAS LISTING /tmp/ccDyzt2a.s 			page 13


DEFINED SYMBOLS
                            *ABS*:0000000000000000 syscall_c.cpp
     /tmp/ccDyzt2a.s:9      .text:0000000000000000 _Z13thread_createPP3TCBPFvPvES2_
     /tmp/ccDyzt2a.s:13     .text:0000000000000000 .L0 
     /tmp/ccDyzt2a.s:15     .text:0000000000000000 .L0 
     /tmp/ccDyzt2a.s:16     .text:0000000000000004 .L0 
     /tmp/ccDyzt2a.s:22     .text:0000000000000018 .L0 
     /tmp/ccDyzt2a.s:23     .text:0000000000000018 .L0 
     /tmp/ccDyzt2a.s:24     .text:0000000000000018 .L0 
     /tmp/ccDyzt2a.s:25     .text:0000000000000018 .L0 
     /tmp/ccDyzt2a.s:26     .text:0000000000000018 .L0 
     /tmp/ccDyzt2a.s:28     .text:000000000000001c .L0 
     /tmp/ccDyzt2a.s:33     .text:0000000000000028 .L0 
     /tmp/ccDyzt2a.s:34     .text:0000000000000028 .L0 
     /tmp/ccDyzt2a.s:36     .text:000000000000002c .L0 
     /tmp/ccDyzt2a.s:37     .text:000000000000002c .L0 
     /tmp/ccDyzt2a.s:42     .text:0000000000000038 .L0 
     /tmp/ccDyzt2a.s:49     .text:000000000000003c .L0 
     /tmp/ccDyzt2a.s:50     .text:000000000000003c .L0 
  src/../h/riscv.hpp:231    .text:000000000000003c .L0 
     /tmp/ccDyzt2a.s:62     .text:0000000000000040 .L0 
     /tmp/ccDyzt2a.s:63     .text:0000000000000040 .L0 
  src/../h/riscv.hpp:221    .text:0000000000000040 .L0 
     /tmp/ccDyzt2a.s:75     .text:0000000000000044 .L0 
     /tmp/ccDyzt2a.s:76     .text:0000000000000044 .L0 
  src/../h/riscv.hpp:211    .text:0000000000000044 .L0 
     /tmp/ccDyzt2a.s:88     .text:0000000000000048 .L0 
     /tmp/ccDyzt2a.s:89     .text:0000000000000048 .L0 
  src/../h/riscv.hpp:201    .text:0000000000000048 .L0 
     /tmp/ccDyzt2a.s:101    .text:000000000000004c .L0 
     /tmp/ccDyzt2a.s:102    .text:000000000000004c .L0 
     /tmp/ccDyzt2a.s:103    .text:000000000000004c .L0 
     /tmp/ccDyzt2a.s:113    .text:0000000000000054 .L0 
   src/syscall_c.cpp:23     .text:0000000000000054 .L0 
     /tmp/ccDyzt2a.s:119    .text:0000000000000058 .L0 
     /tmp/ccDyzt2a.s:120    .text:0000000000000058 .L0 
   src/syscall_c.cpp:26     .text:0000000000000058 .L0 
     /tmp/ccDyzt2a.s:127    .text:0000000000000060 .L0 
     /tmp/ccDyzt2a.s:128    .text:0000000000000060 .L0 
     /tmp/ccDyzt2a.s:133    .text:0000000000000068 .L0 
     /tmp/ccDyzt2a.s:134    .text:000000000000006c .L0 
     /tmp/ccDyzt2a.s:135    .text:000000000000006c .L0 
     /tmp/ccDyzt2a.s:137    .text:0000000000000070 .L0 
     /tmp/ccDyzt2a.s:138    .text:0000000000000070 .L0 
     /tmp/ccDyzt2a.s:140    .text:0000000000000074 .L0 
     /tmp/ccDyzt2a.s:143    .text:0000000000000078 .L0 
     /tmp/ccDyzt2a.s:146    .text:000000000000007c .L0 
     /tmp/ccDyzt2a.s:149    .text:0000000000000080 .L0 
     /tmp/ccDyzt2a.s:153    .text:0000000000000084 .L0 
     /tmp/ccDyzt2a.s:155    .text:0000000000000084 .L0 
     /tmp/ccDyzt2a.s:161    .text:000000000000008c .L0 
     /tmp/ccDyzt2a.s:164    .text:0000000000000094 .L0 
     /tmp/ccDyzt2a.s:170    .text:0000000000000094 _Z11thread_exitv
     /tmp/ccDyzt2a.s:173    .text:0000000000000094 .L0 
     /tmp/ccDyzt2a.s:174    .text:0000000000000094 .L0 
     /tmp/ccDyzt2a.s:175    .text:0000000000000098 .L0 
     /tmp/ccDyzt2a.s:177    .text:000000000000009c .L0 
GAS LISTING /tmp/ccDyzt2a.s 			page 14


     /tmp/ccDyzt2a.s:179    .text:00000000000000a0 .L0 
     /tmp/ccDyzt2a.s:184    .text:00000000000000a0 .L0 
     /tmp/ccDyzt2a.s:185    .text:00000000000000a0 .L0 
     /tmp/ccDyzt2a.s:186    .text:00000000000000a0 .L0 
     /tmp/ccDyzt2a.s:196    .text:00000000000000a8 .L0 
   src/syscall_c.cpp:32     .text:00000000000000a8 .L0 
     /tmp/ccDyzt2a.s:202    .text:00000000000000ac .L0 
     /tmp/ccDyzt2a.s:203    .text:00000000000000ac .L0 
   src/syscall_c.cpp:35     .text:00000000000000ac .L0 
     /tmp/ccDyzt2a.s:210    .text:00000000000000b4 .L0 
     /tmp/ccDyzt2a.s:211    .text:00000000000000b4 .L0 
     /tmp/ccDyzt2a.s:213    .text:00000000000000b8 .L0 
     /tmp/ccDyzt2a.s:215    .text:00000000000000c0 .L0 
     /tmp/ccDyzt2a.s:216    .text:00000000000000c0 .L0 
     /tmp/ccDyzt2a.s:218    .text:00000000000000c4 .L0 
     /tmp/ccDyzt2a.s:220    .text:00000000000000c8 .L0 
     /tmp/ccDyzt2a.s:226    .text:00000000000000c8 _Z15thread_dispatchv
     /tmp/ccDyzt2a.s:229    .text:00000000000000c8 .L0 
     /tmp/ccDyzt2a.s:230    .text:00000000000000c8 .L0 
     /tmp/ccDyzt2a.s:231    .text:00000000000000cc .L0 
     /tmp/ccDyzt2a.s:233    .text:00000000000000d0 .L0 
     /tmp/ccDyzt2a.s:235    .text:00000000000000d4 .L0 
     /tmp/ccDyzt2a.s:240    .text:00000000000000d4 .L0 
     /tmp/ccDyzt2a.s:241    .text:00000000000000d4 .L0 
     /tmp/ccDyzt2a.s:242    .text:00000000000000d4 .L0 
     /tmp/ccDyzt2a.s:252    .text:00000000000000dc .L0 
   src/syscall_c.cpp:41     .text:00000000000000dc .L0 
     /tmp/ccDyzt2a.s:259    .text:00000000000000e0 .L0 
     /tmp/ccDyzt2a.s:260    .text:00000000000000e4 .L0 
     /tmp/ccDyzt2a.s:261    .text:00000000000000e4 .L0 
     /tmp/ccDyzt2a.s:263    .text:00000000000000e8 .L0 
     /tmp/ccDyzt2a.s:265    .text:00000000000000ec .L0 
     /tmp/ccDyzt2a.s:271    .text:00000000000000ec _Z12thread_startP3TCB
     /tmp/ccDyzt2a.s:274    .text:00000000000000ec .L0 
     /tmp/ccDyzt2a.s:276    .text:00000000000000ec .L0 
     /tmp/ccDyzt2a.s:277    .text:00000000000000f0 .L0 
     /tmp/ccDyzt2a.s:279    .text:00000000000000f4 .L0 
     /tmp/ccDyzt2a.s:281    .text:00000000000000f8 .L0 
     /tmp/ccDyzt2a.s:286    .text:00000000000000f8 .L0 
     /tmp/ccDyzt2a.s:287    .text:00000000000000f8 .L0 
  src/../h/riscv.hpp:201    .text:00000000000000f8 .L0 
     /tmp/ccDyzt2a.s:299    .text:00000000000000fc .L0 
     /tmp/ccDyzt2a.s:300    .text:00000000000000fc .L0 
     /tmp/ccDyzt2a.s:301    .text:00000000000000fc .L0 
     /tmp/ccDyzt2a.s:311    .text:0000000000000104 .L0 
   src/syscall_c.cpp:47     .text:0000000000000104 .L0 
     /tmp/ccDyzt2a.s:317    .text:0000000000000108 .L0 
     /tmp/ccDyzt2a.s:318    .text:0000000000000108 .L0 
   src/syscall_c.cpp:50     .text:0000000000000108 .L0 
     /tmp/ccDyzt2a.s:325    .text:0000000000000110 .L0 
     /tmp/ccDyzt2a.s:326    .text:0000000000000110 .L0 
     /tmp/ccDyzt2a.s:329    .text:0000000000000114 .L0 
     /tmp/ccDyzt2a.s:331    .text:000000000000011c .L0 
     /tmp/ccDyzt2a.s:332    .text:000000000000011c .L0 
     /tmp/ccDyzt2a.s:334    .text:0000000000000120 .L0 
     /tmp/ccDyzt2a.s:336    .text:0000000000000124 .L0 
     /tmp/ccDyzt2a.s:344    .text:0000000000000124 .L0 
GAS LISTING /tmp/ccDyzt2a.s 			page 15


     /tmp/ccDyzt2a.s:152    .text:0000000000000084 .L4
     /tmp/ccDyzt2a.s:159    .text:000000000000008c .L7
     /tmp/ccDyzt2a.s:44     .text:000000000000003c .L2
     /tmp/ccDyzt2a.s:131    .text:0000000000000068 .L3
     /tmp/ccDyzt2a.s:1349   .debug_abbrev:0000000000000000 .Ldebug_abbrev0
     /tmp/ccDyzt2a.s:2591   .debug_str:00000000000005c7 .LASF118
     /tmp/ccDyzt2a.s:2475   .debug_str:00000000000002b9 .LASF119
     /tmp/ccDyzt2a.s:2543   .debug_str:0000000000000457 .LASF120
     /tmp/ccDyzt2a.s:5      .text:0000000000000000 .Ltext0
     /tmp/ccDyzt2a.s:339    .text:0000000000000124 .Letext0
     /tmp/ccDyzt2a.s:2373   .debug_line:0000000000000000 .Ldebug_line0
     /tmp/ccDyzt2a.s:2509   .debug_str:0000000000000384 .LASF0
     /tmp/ccDyzt2a.s:2523   .debug_str:00000000000003bc .LASF1
     /tmp/ccDyzt2a.s:2501   .debug_str:0000000000000348 .LASF2
     /tmp/ccDyzt2a.s:2473   .debug_str:00000000000002b2 .LASF4
     /tmp/ccDyzt2a.s:2561   .debug_str:00000000000004f0 .LASF3
     /tmp/ccDyzt2a.s:2401   .debug_str:0000000000000095 .LASF5
     /tmp/ccDyzt2a.s:2527   .debug_str:00000000000003d7 .LASF6
     /tmp/ccDyzt2a.s:2507   .debug_str:0000000000000371 .LASF7
     /tmp/ccDyzt2a.s:2603   .debug_str:00000000000006cb .LASF8
     /tmp/ccDyzt2a.s:2463   .debug_str:000000000000025a .LASF9
     /tmp/ccDyzt2a.s:2545   .debug_str:0000000000000473 .LASF10
     /tmp/ccDyzt2a.s:2595   .debug_str:0000000000000693 .LASF11
     /tmp/ccDyzt2a.s:2407   .debug_str:00000000000000a6 .LASF12
     /tmp/ccDyzt2a.s:2379   .debug_str:0000000000000011 .LASF13
     /tmp/ccDyzt2a.s:2421   .debug_str:0000000000000110 .LASF14
     /tmp/ccDyzt2a.s:2555   .debug_str:00000000000004b1 .LASF15
     /tmp/ccDyzt2a.s:2429   .debug_str:0000000000000152 .LASF16
     /tmp/ccDyzt2a.s:2467   .debug_str:000000000000027e .LASF121
     /tmp/ccDyzt2a.s:2593   .debug_str:000000000000068b .LASF17
     /tmp/ccDyzt2a.s:2573   .debug_str:0000000000000546 .LASF18
     /tmp/ccDyzt2a.s:2537   .debug_str:0000000000000418 .LASF19
     /tmp/ccDyzt2a.s:2571   .debug_str:000000000000053d .LASF20
     /tmp/ccDyzt2a.s:2385   .debug_str:000000000000003b .LASF122
     /tmp/ccDyzt2a.s:2439   .debug_str:00000000000001bd .LASF27
     /tmp/ccDyzt2a.s:2549   .debug_str:0000000000000495 .LASF29
     /tmp/ccDyzt2a.s:2529   .debug_str:00000000000003ea .LASF21
     /tmp/ccDyzt2a.s:2461   .debug_str:0000000000000243 .LASF23
     /tmp/ccDyzt2a.s:2493   .debug_str:0000000000000318 .LASF22
     /tmp/ccDyzt2a.s:2399   .debug_str:000000000000007c .LASF24
     /tmp/ccDyzt2a.s:2521   .debug_str:00000000000003b6 .LASF25
     /tmp/ccDyzt2a.s:2499   .debug_str:0000000000000338 .LASF26
     /tmp/ccDyzt2a.s:2483   .debug_str:00000000000002e3 .LASF28
     /tmp/ccDyzt2a.s:2619   .debug_str:000000000000074b .LASF30
     /tmp/ccDyzt2a.s:2551   .debug_str:00000000000004a1 .LASF31
     /tmp/ccDyzt2a.s:2443   .debug_str:00000000000001cb .LASF123
     /tmp/ccDyzt2a.s:2535   .debug_str:0000000000000401 .LASF124
     /tmp/ccDyzt2a.s:2477   .debug_str:00000000000002cb .LASF32
     /tmp/ccDyzt2a.s:2469   .debug_str:0000000000000284 .LASF33
     /tmp/ccDyzt2a.s:2481   .debug_str:00000000000002db .LASF34
     /tmp/ccDyzt2a.s:2515   .debug_str:00000000000003a1 .LASF35
     /tmp/ccDyzt2a.s:2395   .debug_str:0000000000000071 .LASF36
     /tmp/ccDyzt2a.s:2495   .debug_str:0000000000000325 .LASF37
     /tmp/ccDyzt2a.s:2415   .debug_str:00000000000000d1 .LASF39
     /tmp/ccDyzt2a.s:2609   .debug_str:00000000000006fc .LASF125
     /tmp/ccDyzt2a.s:2471   .debug_str:000000000000028a .LASF126
     /tmp/ccDyzt2a.s:2513   .debug_str:0000000000000398 .LASF38
GAS LISTING /tmp/ccDyzt2a.s 			page 16


     /tmp/ccDyzt2a.s:2449   .debug_str:00000000000001ef .LASF40
     /tmp/ccDyzt2a.s:2489   .debug_str:0000000000000302 .LASF45
     /tmp/ccDyzt2a.s:2623   .debug_str:0000000000000785 .LASF47
     /tmp/ccDyzt2a.s:2563   .debug_str:0000000000000502 .LASF41
     /tmp/ccDyzt2a.s:2451   .debug_str:0000000000000202 .LASF42
     /tmp/ccDyzt2a.s:2375   .debug_str:0000000000000000 .LASF43
     /tmp/ccDyzt2a.s:2519   .debug_str:00000000000003b0 .LASF44
     /tmp/ccDyzt2a.s:2553   .debug_str:00000000000004a6 .LASF46
     /tmp/ccDyzt2a.s:2621   .debug_str:000000000000076d .LASF48
     /tmp/ccDyzt2a.s:2381   .debug_str:0000000000000021 .LASF50
     /tmp/ccDyzt2a.s:2575   .debug_str:000000000000054c .LASF52
     /tmp/ccDyzt2a.s:2441   .debug_str:00000000000001c2 .LASF49
     /tmp/ccDyzt2a.s:2427   .debug_str:000000000000013d .LASF55
     /tmp/ccDyzt2a.s:2565   .debug_str:0000000000000513 .LASF51
     /tmp/ccDyzt2a.s:2547   .debug_str:0000000000000482 .LASF53
     /tmp/ccDyzt2a.s:2589   .debug_str:00000000000005c0 .LASF54
     /tmp/ccDyzt2a.s:2581   .debug_str:0000000000000580 .LASF56
     /tmp/ccDyzt2a.s:2525   .debug_str:00000000000003cf .LASF57
     /tmp/ccDyzt2a.s:2431   .debug_str:0000000000000168 .LASF58
     /tmp/ccDyzt2a.s:2377   .debug_str:0000000000000009 .LASF59
     /tmp/ccDyzt2a.s:2567   .debug_str:000000000000051a .LASF60
     /tmp/ccDyzt2a.s:2445   .debug_str:00000000000001d3 .LASF61
     /tmp/ccDyzt2a.s:2611   .debug_str:000000000000070a .LASF62
     /tmp/ccDyzt2a.s:2627   .debug_str:000000000000079f .LASF63
     /tmp/ccDyzt2a.s:2447   .debug_str:00000000000001db .LASF64
     /tmp/ccDyzt2a.s:2511   .debug_str:0000000000000391 .LASF65
     /tmp/ccDyzt2a.s:2617   .debug_str:0000000000000738 .LASF66
     /tmp/ccDyzt2a.s:2599   .debug_str:00000000000006b3 .LASF67
     /tmp/ccDyzt2a.s:2455   .debug_str:000000000000021c .LASF68
     /tmp/ccDyzt2a.s:2459   .debug_str:000000000000023d .LASF69
     /tmp/ccDyzt2a.s:2587   .debug_str:00000000000005ae .LASF70
     /tmp/ccDyzt2a.s:2393   .debug_str:000000000000006b .LASF71
     /tmp/ccDyzt2a.s:2629   .debug_str:00000000000007a7 .LASF72
     /tmp/ccDyzt2a.s:2625   .debug_str:0000000000000794 .LASF73
     /tmp/ccDyzt2a.s:2559   .debug_str:00000000000004d8 .LASF74
     /tmp/ccDyzt2a.s:2479   .debug_str:00000000000002d0 .LASF75
     /tmp/ccDyzt2a.s:2577   .debug_str:0000000000000561 .LASF76
     /tmp/ccDyzt2a.s:2419   .debug_str:0000000000000106 .LASF77
     /tmp/ccDyzt2a.s:2539   .debug_str:0000000000000420 .LASF78
     /tmp/ccDyzt2a.s:2503   .debug_str:0000000000000356 .LASF79
     /tmp/ccDyzt2a.s:2465   .debug_str:0000000000000268 .LASF80
     /tmp/ccDyzt2a.s:2585   .debug_str:00000000000005a9 .LASF81
     /tmp/ccDyzt2a.s:2491   .debug_str:0000000000000307 .LASF82
     /tmp/ccDyzt2a.s:2403   .debug_str:000000000000009c .LASF83
     /tmp/ccDyzt2a.s:2505   .debug_str:0000000000000360 .LASF84
     /tmp/ccDyzt2a.s:2487   .debug_str:00000000000002fd .LASF85
     /tmp/ccDyzt2a.s:2383   .debug_str:000000000000002a .LASF86
     /tmp/ccDyzt2a.s:2405   .debug_str:00000000000000a1 .LASF87
     /tmp/ccDyzt2a.s:2433   .debug_str:000000000000017c .LASF88
     /tmp/ccDyzt2a.s:2397   .debug_str:0000000000000077 .LASF89
     /tmp/ccDyzt2a.s:2597   .debug_str:00000000000006a2 .LASF90
     /tmp/ccDyzt2a.s:2517   .debug_str:00000000000003ab .LASF91
     /tmp/ccDyzt2a.s:2413   .debug_str:00000000000000c0 .LASF92
     /tmp/ccDyzt2a.s:2533   .debug_str:00000000000003fc .LASF93
     /tmp/ccDyzt2a.s:2557   .debug_str:00000000000004c7 .LASF94
     /tmp/ccDyzt2a.s:2409   .debug_str:00000000000000b6 .LASF95
     /tmp/ccDyzt2a.s:2423   .debug_str:000000000000011c .LASF96
GAS LISTING /tmp/ccDyzt2a.s 			page 17


     /tmp/ccDyzt2a.s:2497   .debug_str:0000000000000333 .LASF97
     /tmp/ccDyzt2a.s:2613   .debug_str:000000000000071e .LASF98
     /tmp/ccDyzt2a.s:2411   .debug_str:00000000000000bb .LASF99
     /tmp/ccDyzt2a.s:2387   .debug_str:0000000000000043 .LASF100
     /tmp/ccDyzt2a.s:2569   .debug_str:000000000000052e .LASF101
     /tmp/ccDyzt2a.s:2417   .debug_str:00000000000000ea .LASF102
     /tmp/ccDyzt2a.s:2607   .debug_str:00000000000006e7 .LASF103
     /tmp/ccDyzt2a.s:2435   .debug_str:000000000000018d .LASF104
     /tmp/ccDyzt2a.s:2615   .debug_str:000000000000072f .LASF105
     /tmp/ccDyzt2a.s:2485   .debug_str:00000000000002f0 .LASF108
     /tmp/ccDyzt2a.s:2583   .debug_str:0000000000000593 .LASF110
     /tmp/ccDyzt2a.s:272    .text:00000000000000ec .LFB45
     /tmp/ccDyzt2a.s:337    .text:0000000000000124 .LFE45
     /tmp/ccDyzt2a.s:2531   .debug_str:00000000000003f5 .LASF114
     /tmp/ccDyzt2a.s:2194   .debug_loc:0000000000000000 .LLST11
     /tmp/ccDyzt2a.s:284    .text:00000000000000f8 .LBB34
     /tmp/ccDyzt2a.s:295    .text:00000000000000fc .LBE34
     /tmp/ccDyzt2a.s:2208   .debug_loc:0000000000000039 .LLST12
     /tmp/ccDyzt2a.s:297    .text:00000000000000fc .LBB36
     /tmp/ccDyzt2a.s:309    .text:0000000000000104 .LBE36
     /tmp/ccDyzt2a.s:2215   .debug_loc:000000000000005c .LLST13
     /tmp/ccDyzt2a.s:2425   .debug_str:000000000000012d .LASF106
     /tmp/ccDyzt2a.s:2453   .debug_str:0000000000000207 .LASF107
     /tmp/ccDyzt2a.s:227    .text:00000000000000c8 .LFB44
     /tmp/ccDyzt2a.s:266    .text:00000000000000ec .LFE44
     /tmp/ccDyzt2a.s:238    .text:00000000000000d4 .LBB32
     /tmp/ccDyzt2a.s:250    .text:00000000000000dc .LBE32
     /tmp/ccDyzt2a.s:2223   .debug_loc:0000000000000080 .LLST10
     /tmp/ccDyzt2a.s:2391   .debug_str:000000000000005f .LASF109
     /tmp/ccDyzt2a.s:2601   .debug_str:00000000000006ba .LASF111
     /tmp/ccDyzt2a.s:171    .text:0000000000000094 .LFB43
     /tmp/ccDyzt2a.s:221    .text:00000000000000c8 .LFE43
     /tmp/ccDyzt2a.s:182    .text:00000000000000a0 .LBB30
     /tmp/ccDyzt2a.s:194    .text:00000000000000a8 .LBE30
     /tmp/ccDyzt2a.s:2231   .debug_loc:00000000000000a4 .LLST9
     /tmp/ccDyzt2a.s:2437   .debug_str:00000000000001af .LASF112
     /tmp/ccDyzt2a.s:2541   .debug_str:0000000000000436 .LASF113
     /tmp/ccDyzt2a.s:10     .text:0000000000000000 .LFB42
     /tmp/ccDyzt2a.s:165    .text:0000000000000094 .LFE42
     /tmp/ccDyzt2a.s:2579   .debug_str:0000000000000579 .LASF115
     /tmp/ccDyzt2a.s:2239   .debug_loc:00000000000000c8 .LLST0
     /tmp/ccDyzt2a.s:2457   .debug_str:000000000000022f .LASF116
     /tmp/ccDyzt2a.s:2265   .debug_loc:000000000000013a .LLST1
     /tmp/ccDyzt2a.s:2287   .debug_loc:0000000000000199 .LLST2
     /tmp/ccDyzt2a.s:2389   .debug_str:0000000000000054 .LASF117
     /tmp/ccDyzt2a.s:2313   .debug_loc:000000000000020b .LLST3
     /tmp/ccDyzt2a.s:46     .text:000000000000003c .LBB20
     /tmp/ccDyzt2a.s:58     .text:0000000000000040 .LBE20
     /tmp/ccDyzt2a.s:2324   .debug_loc:0000000000000241 .LLST4
     /tmp/ccDyzt2a.s:60     .text:0000000000000040 .LBB22
     /tmp/ccDyzt2a.s:71     .text:0000000000000044 .LBE22
     /tmp/ccDyzt2a.s:2331   .debug_loc:0000000000000264 .LLST5
     /tmp/ccDyzt2a.s:73     .text:0000000000000044 .LBB24
     /tmp/ccDyzt2a.s:84     .text:0000000000000048 .LBE24
     /tmp/ccDyzt2a.s:2338   .debug_loc:0000000000000287 .LLST6
     /tmp/ccDyzt2a.s:86     .text:0000000000000048 .LBB26
     /tmp/ccDyzt2a.s:97     .text:000000000000004c .LBE26
GAS LISTING /tmp/ccDyzt2a.s 			page 18


     /tmp/ccDyzt2a.s:2345   .debug_loc:00000000000002aa .LLST7
     /tmp/ccDyzt2a.s:99     .text:000000000000004c .LBB28
     /tmp/ccDyzt2a.s:111    .text:0000000000000054 .LBE28
     /tmp/ccDyzt2a.s:2352   .debug_loc:00000000000002cd .LLST8
     /tmp/ccDyzt2a.s:40     .text:0000000000000038 .LVL2
     /tmp/ccDyzt2a.s:2605   .debug_str:00000000000006db .LASF127
     /tmp/ccDyzt2a.s:275    .text:00000000000000ec .LVL21
     /tmp/ccDyzt2a.s:327    .text:0000000000000114 .LVL25
     /tmp/ccDyzt2a.s:283    .text:00000000000000f8 .LVL22
     /tmp/ccDyzt2a.s:292    .text:00000000000000fc .LVL23
     /tmp/ccDyzt2a.s:306    .text:0000000000000104 .LVL24
     /tmp/ccDyzt2a.s:237    .text:00000000000000d4 .LVL19
     /tmp/ccDyzt2a.s:247    .text:00000000000000dc .LVL20
     /tmp/ccDyzt2a.s:181    .text:00000000000000a0 .LVL17
     /tmp/ccDyzt2a.s:191    .text:00000000000000a8 .LVL18
     /tmp/ccDyzt2a.s:14     .text:0000000000000000 .LVL0
     /tmp/ccDyzt2a.s:38     .text:0000000000000030 .LVL1
     /tmp/ccDyzt2a.s:147    .text:000000000000007c .LVL12
     /tmp/ccDyzt2a.s:151    .text:0000000000000084 .LVL13
     /tmp/ccDyzt2a.s:156    .text:0000000000000088 .LVL14
     /tmp/ccDyzt2a.s:141    .text:0000000000000074 .LVL10
     /tmp/ccDyzt2a.s:144    .text:0000000000000078 .LVL11
     /tmp/ccDyzt2a.s:158    .text:000000000000008c .LVL15
     /tmp/ccDyzt2a.s:129    .text:0000000000000064 .LVL9
     /tmp/ccDyzt2a.s:162    .text:0000000000000090 .LVL16
     /tmp/ccDyzt2a.s:43     .text:000000000000003c .LVL3
     /tmp/ccDyzt2a.s:55     .text:0000000000000040 .LVL4
     /tmp/ccDyzt2a.s:68     .text:0000000000000044 .LVL5
     /tmp/ccDyzt2a.s:81     .text:0000000000000048 .LVL6
     /tmp/ccDyzt2a.s:94     .text:000000000000004c .LVL7
     /tmp/ccDyzt2a.s:108    .text:0000000000000054 .LVL8
     /tmp/ccDyzt2a.s:345    .debug_info:0000000000000000 .Ldebug_info0

UNDEFINED SYMBOLS
__mem_alloc
